This is LuaTeX, Version beta-0.79.1 (TeX Live 2014) (rev 4971)  (format=lualatex 2014.7.2)  12 OCT 2014 16:05
 restricted \write18 enabled.
**alter.tex
(./alter.tex
LaTeX2e <2014/05/01>
Babel <3.9k> and hyphenation patterns for 78 languages loaded.
(/usr/local/texlive/2014/texmf-dist/tex/luatex/luatexja/ltjsarticle.cls
Document Class: ltjsarticle 2014/03/28 
(/usr/local/texlive/2014/texmf-dist/tex/luatex/luatexja/luatexja.sty
Package: luatexja 2013/05/14 Japanese Typesetting with LuaTeX

(/usr/local/texlive/2014/texmf-dist/tex/luatex/luatexja/ltj-unicode-ccfix.tex
and category codes)
(/usr/local/texlive/2014/texmf-dist/tex/luatex/luatexja/luatexja-core.sty
Package: luatexja-core 2014/02/01 Core of LuaTeX-ja

(/usr/local/texlive/2014/texmf-dist/tex/luatex/luaotfload/luaotfload.sty
Package: luaotfload 2014/05/18 v2.4-4 OpenType layout system

(/usr/local/texlive/2014/texmf-dist/tex/luatex/luatexbase/luatexbase.sty
Package: luatexbase 2013/05/11 v0.6 Resource management for the LuaTeX macro pro
grammer

(/usr/local/texlive/2014/texmf-dist/tex/generic/oberdiek/ifluatex.sty
Package: ifluatex 2010/03/01 v1.3 Provides the ifluatex switch (HO)
Package ifluatex Info: LuaTeX detected.
)
(/usr/local/texlive/2014/texmf-dist/tex/generic/oberdiek/luatex.sty
Package: luatex 2010/03/09 v0.4 LuaTeX basic definition package (HO)

(/usr/local/texlive/2014/texmf-dist/tex/generic/oberdiek/infwarerr.sty
Package: infwarerr 2010/04/08 v1.3 Providing info/warning/error messages (HO)
)
(/usr/local/texlive/2014/texmf-dist/tex/latex/etex-pkg/etex.sty
Package: etex 1998/03/26 v2.0 eTeX basic definition package (PEB)
\et@xins=\count79
)
\LuT@AllocAttribute=\count277
\LuT@AllocCatcodeTable=\count278
\CatcodeTableStack=\count279
\CatcodeTableIniTeX=\catcodetable1
\CatcodeTableString=\catcodetable3
\CatcodeTableOther=\catcodetable5
\CatcodeTableLaTeX=\catcodetable7

(/usr/local/texlive/2014/texmf-dist/tex/generic/oberdiek/luatex-loader.sty
Package: luatex-loader 2010/03/09 v0.4 Lua module loader (HO)

(/usr/local/texlive/2014/texmf-dist/scripts/oberdiek/oberdiek.luatex.lua)))
(/usr/local/texlive/2014/texmf-dist/tex/luatex/luatexbase/luatexbase-compat.sty
Package: luatexbase-compat 2011/05/24 v0.4 Compatibility tools for LuaTeX
)
(/usr/local/texlive/2014/texmf-dist/tex/luatex/luatexbase/luatexbase-modutils.s
ty
Package: luatexbase-modutils 2013/05/11 v0.6 Module utilities for LuaTeX

(/usr/local/texlive/2014/texmf-dist/tex/luatex/luatexbase/luatexbase-loader.sty
Package: luatexbase-loader 2013/05/11 v0.6 Lua module loader for LuaTeX
(/usr/local/texlive/2014/texmf-dist/tex/luatex/luatexbase/luatexbase.loader.lua)
)
(/usr/local/texlive/2014/texmf-dist/tex/luatex/luatexbase/modutils.lua)
Lua module: luatexbase-modutils 2013/05/11 0.6 Module utilities for LuaTeX
)
(/usr/local/texlive/2014/texmf-dist/tex/luatex/luatexbase/luatexbase-regs.sty
Package: luatexbase-regs 2011/05/24 v0.4 Registers allocation for LuaTeX
)
(/usr/local/texlive/2014/texmf-dist/tex/luatex/luatexbase/luatexbase-attr.sty
Package: luatexbase-attr 2013/05/11 v0.6 Attributes allocation for LuaTeX

(/usr/local/texlive/2014/texmf-dist/tex/luatex/luatexbase/attr.lua)
Lua module: luatexbase-attr 2013/05/11 0.6 Attributes allocation for LuaTeX
\lltxb@attr@unsetvalue=\count280
)
(/usr/local/texlive/2014/texmf-dist/tex/luatex/luatexbase/luatexbase-cctb.sty
Package: luatexbase-cctb 2013/05/11 v0.6 Catcodetable allocation for LuaTeX

(/usr/local/texlive/2014/texmf-dist/tex/luatex/luatexbase/cctb.lua)
Lua module: luatexbase-cctb 2013/05/11 0.6 Catcodetable allocation for LuaTeX
\lltxb@catcodetable@alloc=\count281
\CatcodeTableStack=\count282
\CatcodeTableIniTeX=\luatexcatcodetable1
\CatcodeTableString=\luatexcatcodetable3
\CatcodeTableOther=\luatexcatcodetable5
\CatcodeTableLaTeX=\luatexcatcodetable7
\CatcodeTableLaTeXAtLetter=\luatexcatcodetable9
\CatcodeTableExpl=\luatexcatcodetable11
)
(/usr/local/texlive/2014/texmf-dist/tex/luatex/luatexbase/luatexbase-mcb.sty
Package: luatexbase-mcb 2013/05/11 v0.6 Callback management for LuaTeX

(/usr/local/texlive/2014/texmf-dist/tex/luatex/luatexbase/mcb.lua)
Lua module: luatexbase-mcb 2013/05/11 0.6 register several functions in a callba
ck
))
(/usr/local/texlive/2014/texmf-dist/tex/luatex/luaotfload/luaotfload.lua)
Lua module: luaotfload 2014/05/18 2.40005 OpenType layout system.
luaotfload: push namespace for font loader
(/usr/local/texlive/2014/texmf-dist/tex/luatex/luaotfload/luaotfload-fontloader.
lua)(using write cache: /Users/yousack/Library/texlive/2014/texmf-var/luatex-cac
he/generic)(using read cache: /usr/local/texlive/2014/texmf-var/luatex-cache/gen
eric /Users/yousack/Library/texlive/2014/texmf-var/luatex-cache/generic)
luatexbase-attr: luatexbase.attributes["luaotfload@kernpair"] = 1
luatexbase-attr: luatexbase.attributes["luaotfload@ligacomp"] = 2
luatexbase-attr: luatexbase.attributes["luaotfload@markbase"] = 3
luatexbase-attr: luatexbase.attributes["luaotfload@markmark"] = 4
luatexbase-attr: luatexbase.attributes["luaotfload@markdone"] = 5
luatexbase-attr: luatexbase.attributes["luaotfload@cursbase"] = 6
luatexbase-attr: luatexbase.attributes["luaotfload@curscurs"] = 7
luatexbase-attr: luatexbase.attributes["luaotfload@cursdone"] = 8
luatexbase-attr: luatexbase.attributes["luaotfload@state"] = 9
luaotfload: "I am using the merged version of 'luaotfload.lua' here.
luaotfload:  If you run into problems or experience unexpected
luaotfload:  behaviour, and if you have ConTeXt installed you can try
luaotfload:  to delete the file 'luaotfload-merged.lua' as I might
luaotfload:  then use the possibly updated libraries. The merged
luaotfload:  version is not supported as it is a frozen instance.
luaotfload:  Problems can be reported to the ConTeXt mailing list."
luaotfload: pop namespace from font loader -- non-destructive
luaotfload: fontloader loaded in 0.551 seconds
luatexbase-mcb: inserting 'luaotfload.node_processor'
at position 1 in 'pre_linebreak_filter'
luatexbase-mcb: inserting 'luaotfload.node_processor'
at position 1 in 'hpack_filter'
luatexbase-mcb: inserting 'luaotfload.find_vf_file'
at position 1 in 'find_vf_file'
(/usr/local/texlive/2014/texmf-dist/tex/luatex/luaotfload/luaotfload-override.lu
a)
(/usr/local/texlive/2014/texmf-dist/tex/luatex/luaotfload/luaotfload-loaders.lua
)
(/usr/local/texlive/2014/texmf-dist/tex/luatex/luaotfload/luaotfload-database.lu
a)
luaotfload | db : Shell escape disabled or tput executable missing.
luaotfload | db : Assuming 79 cols terminal width.
luaotfload | db : Root cache directory is /Users/yousack/Library/texlive/2014/te
xmf-var/luatex-cache/generic/names.
luaotfload | cache : Caching of name: lookups active.
(/usr/local/texlive/2014/texmf-dist/tex/luatex/luaotfload/luaotfload-colors.lua)
luatexbase-mcb: creating 'luaotfload.resolve_font' type 4
luatexbase-mcb: creating 'luaotfload.patch_font' type 4
luatexbase-mcb: resetting callback 'define_font'
luatexbase-mcb: inserting 'luaotfload.define_font'
at position 1 in 'define_font'
(/usr/local/texlive/2014/texmf-dist/tex/luatex/luaotfload/luaotfload-features.lu
a)
(/usr/local/texlive/2014/texmf-dist/tex/luatex/luaotfload/luaotfload-letterspace
.lua)
(/usr/local/texlive/2014/texmf-dist/tex/luatex/luaotfload/luaotfload-auxiliary.l
ua)
luatexbase-mcb: inserting 'luaotfload.aux.set_sscale_dimens'
at position 1 in 'luaotfload.patch_font'
luatexbase-mcb: inserting 'luaotfload.aux.patch_cambria_domh'
at position 2 in 'luaotfload.patch_font'
luatexbase-mcb: inserting 'luaotfload.aux.set_capheight'
at position 3 in 'luaotfload.patch_font'
luatexbase-mcb: inserting 'luaotfload.rewrite_fontname'
at position 4 in 'luaotfload.patch_font'
luaotfload | aux : start rewriting tfmdata.name field) (/usr/local/texlive/2014
/texmf-dist/tex/generic/oberdiek/ltxcmds.sty
Package: ltxcmds 2011/11/09 v1.22 LaTeX kernel commands for general use (HO)
)
(/usr/local/texlive/2014/texmf-dist/tex/generic/oberdiek/pdftexcmds.sty
Package: pdftexcmds 2011/11/29 v0.20 Utility functions of pdfTeX for LuaTeX (HO)


(/usr/local/texlive/2014/texmf-dist/tex/generic/oberdiek/ifpdf.sty
Package: ifpdf 2011/01/30 v2.3 Provides the ifpdf switch (HO)
Package ifpdf Info: pdfTeX in PDF mode is detected.
)
Package pdftexcmds Info: \pdf@primitive is available.
Package pdftexcmds Info: \pdf@ifprimitive is available.
Package pdftexcmds Info: \pdfdraftmode found.

(/usr/local/texlive/2014/texmf-dist/scripts/oberdiek/pdftexcmds.lua)
\pdftexcmds@toks=\toks14
)
(/usr/local/texlive/2014/texmf-dist/tex/latex/xkeyval/xkeyval.sty
Package: xkeyval 2014/05/09 v2.6d package option processing (HA)

(/usr/local/texlive/2014/texmf-dist/tex/generic/xkeyval/xkeyval.tex
\XKV@toks=\toks15
\XKV@tempa@toks=\toks16
\XKV@depth=\count283
File: xkeyval.tex 2014/05/09 v2.6d key=value parser (HA)

(/usr/local/texlive/2014/texmf-dist/tex/generic/xkeyval/keyval.tex)))
Package luatexja-core Info: using DIRECT node access model.
\ltj@zw=\dimen256
\ltj@zh=\dimen257
\jQ=\dimen258
\ltj@icflag=\luatexattribute10
\ltj@curjfnt=\luatexattribute11
\ltj@origchar=\luatexattribute12
\ltj@charclass=\luatexattribute13
\ltj@autospc=\luatexattribute14
\ltj@autoxspc=\luatexattribute15
\ltj@yablshift=\luatexattribute16
\ltj@ykblshift=\luatexattribute17
\jfam=\luatexattribute18
\ltj@tempcnta=\count284
\ltj@kcat0=\luatexattribute19
\ltj@kcat1=\luatexattribute20
\ltj@kcat2=\luatexattribute21
\ltj@kcat3=\luatexattribute22
\ltj@kcat4=\luatexattribute23
\ltj@kcat5=\luatexattribute24
\ltj@kcat6=\luatexattribute25

(/usr/local/texlive/2014/texmf-dist/tex/luatex/lualibs/lualibs.lua)
Lua module: lualibs 2014/05/05 2.11 ConTeXt Lua standard libraries.
Lua module: lualibs-extended 2014/05/05 2.11 ConTeXt Lua libraries -- extended c
ollection.
luatexbase-attr: new user-defined whatsit 1 (luatexja:inhibitglue)
luatexbase-attr: new user-defined whatsit 2 (luatexja:stack_marker)
luatexbase-attr: new user-defined whatsit 3 (luatexja:begin_par)
(/usr/local/texlive/2014/texmf-dist/tex/luatex/luatexja/ltj-base.lua)
(/usr/local/texlive/2014/texmf-dist/tex/luatex/lualibs/lualibs-lpeg.lua)
(/usr/local/texlive/2014/texmf-dist/tex/luatex/lualibs/lualibs-os.lua)
(/usr/local/texlive/2014/texmf-dist/tex/luatex/luatexja/ltj-rmlgbm.lua)(load cac
he: /Users/yousack/Library/texlive/2014/texmf-var/luatexja/ltj-cid-auto-adobe-ja
pan1.luc)
(/usr/local/texlive/2014/texmf-dist/tex/luatex/luatexja/ltj-charrange.lua)
Lua module: luatexja.charrange 2014/01/19  Handling the range of Japanese charac
ters

(/usr/local/texlive/2014/texmf-dist/tex/luatex/luatexja/ltj-jfont.lua)
Lua module: luatexja.jfont 2014/02/01  Loader for Japanese fonts
luatexbase-mcb: creating 'luatexja.load_jfm' type 2
luatexbase-mcb: creating 'luatexja.find_char_class' type 2
luatexbase-mcb: creating 'luatexja.define_jfont' type 2
(/usr/local/texlive/2014/texmf-dist/tex/luatex/luatexja/ltj-inputbuf.lua)
luatexbase-mcb: inserting 'ltj.process_input_buffer'
at position 1 in 'process_input_buffer'
(/usr/local/texlive/2014/texmf-dist/tex/luatex/luatexja/ltj-stack.lua)
Lua module: luatexja.stack 2014/01/24  LuaTeX-ja stack system

(/usr/local/texlive/2014/texmf-dist/tex/luatex/luatexja/ltj-pretreat.lua)
luatexbase-mcb: inserting 'ltj.hyphenate'
at position 1 in 'hyphenate'
luatexbase-mcb: inserting 'ltj.hpack_filter_pre'
at position 1 in 'hpack_filter'
luatexbase-mcb: inserting 'ltj.pre_linebreak_filter_pre'
at position 1 in 'pre_linebreak_filter'
(/usr/local/texlive/2014/texmf-dist/tex/luatex/luatexja/ltj-jfmglue.lua)
Lua module: luatexja.jfmglue 2014/02/02  Insertion process of JFM glues and kanj
iskip
luatexbase-mcb: creating 'luatexja.jfmglue.whatsit_getinfo' type 2
luatexbase-mcb: creating 'luatexja.jfmglue.whatsit_after' type 2
luatexbase-mcb: inserting 'luatexja.beginpar.np_info'
at position 1 in 'luatexja.jfmglue.whatsit_getinfo'
luatexbase-mcb: inserting 'luatexja.beginpar.np_info_after'
at position 1 in 'luatexja.jfmglue.whatsit_after'
(/usr/local/texlive/2014/texmf-dist/tex/luatex/luatexja/ltj-setwidth.lua)
luatexbase-mcb: creating 'luatexja.set_width' type 2
(/usr/local/texlive/2014/texmf-dist/tex/luatex/luatexja/ltj-math.lua)
luatexbase-mcb: inserting 'ltj.mlist_to_hlist'
at position 1 in 'mlist_to_hlist'
(/usr/local/texlive/2014/texmf-dist/tex/luatex/luatexja/ltj-tangle.lua)
Lua module: luatexja.tangle 2011/05/14  
luatexbase-mcb: inserting 'ltj.pre_linebreak_filter'
at position 3 in 'pre_linebreak_filter'
luatexbase-mcb: inserting 'ltj.hpack_filter'
at position 3 in 'hpack_filter'
luatexbase-mcb: inserting 'adjust_icflag'
at position 1 in 'pre_linebreak_filter'
luatexbase-mcb: inserting 'adjust_icflag'
at position 1 in 'hpack_filter'
Module luatexbase-mcb warning: several functions in 'define_font',
(luatexbase-mcb)               only one will be active.
luatexbase-mcb: inserting 'luatexja.font_callback'
at position 1 in 'define_font' (/usr/local/texlive/2014/texmf-dist/tex/luatex/l
uatexja/ltj-base.sty
Package: ltj-base 2013/05/14
\ltj@tempcntb=\count285
\ltj@tempcntc=\count286
\ltj@tempdima=\dimen259
\ltj@tempskipa=\skip256
\ltj@temptoks=\toks17
)
\ltj@@stack=\count287
\ltj@@group@level=\count288

(/usr/local/texlive/2014/texmf-dist/tex/luatex/luatexja/ltj-latex.sty
Package: ltj-latex 2013/05/14 LaTeX support of LuaTeX-ja

(/usr/local/texlive/2014/texmf-dist/tex/luatex/luatexja/patches/lltjfont.sty
Package: lltjfont 2014/01/23 Patch to NFSS2 for LuaTeX-ja
\Cht=\dimen260
\cht=\dimen261
\Cdp=\dimen262
\cdp=\dimen263
\Cwd=\dimen264
\cwd=\dimen265
\Cvs=\dimen266
\cvs=\dimen267
\Chs=\dimen268
\chs=\dimen269
\cHT=\dimen270
\tstrutbox=\box256
\zstrutbox=\box257
LaTeX Info: Redefining \selectfont on input line 259.
\adjust@box=\box258
\adjust@dimen=\dimen271
LaTeX Info: Redefining \fontencoding on input line 377.
LaTeX Info: Redefining \fontfamily on input line 421.
LaTeX Info: Redefining \fontseries on input line 477.
LaTeX Info: Redefining \fontshape on input line 480.
LaTeX Info: Redefining \normalfont on input line 492.
)
(/usr/local/texlive/2014/texmf-dist/tex/luatex/luatexja/patches/lltjdefs.sty
Package: lltjdefs 2013/06/12 Default font settings of LuaTeX-ja
LaTeX Font Info:    Font shape `JY3/mc/m/n' will be
(Font)              scaled to size 9.6222pt on input line 34.
luaotfload | db : Font names database loaded
(/usr/local/texlive/2014/texmf-dist/tex/luatex/luatexja/jfm-ujis.lua)
luaotfload | load : auto-selecting default features for script: dflt
\symmincho=\mathgroup4
LaTeX Font Info:    Overwriting symbol font `mincho' in version `bold'
(Font)                  JY3/mc/m/n --> JY3/gt/m/n on input line 43.
)
(/usr/local/texlive/2014/texmf-dist/tex/luatex/luatexja/patches/lltjcore.sty
Package: lltjcore 2013/05/14 Patch to LaTeX2e Kernel for LuaTeX-ja
\@tombowwidth=\dimen272
\@TL=\box259
\@Tl=\box260
\@TC=\box261
\@TR=\box262
\@Tr=\box263
\@BL=\box264
\@Bl=\box265
\@BC=\box266
\@BR=\box267
\@Br=\box268
\@CL=\box269
\@CR=\box270
luaotfload | load : auto-selecting default features for script: dflt
\@bannertoken=\toks18
\@@paperheight=\dimen273
\@@paperwidth=\dimen274
\@@topmargin=\dimen275
\hour=\count289
\minute=\count290
))
\ltj@temp@cctb=\luatexcatcodetable13
)
(/usr/local/texlive/2014/texmf-dist/tex/luatex/luatexja/luatexja-compat.sty
Package: luatexja-compat 2013/12/22 Compatibility with pTeX

(/usr/local/texlive/2014/texmf-dist/tex/luatex/luatexja/ltj-compat.lua)(load cac
he: /Users/yousack/Library/texlive/2014/texmf-var/luatexja/ltj-jisx0208.luc)
\hour=\count291
\minute=\count292
))
LaTeX Info: Redefining \rmfamily on input line 336.
LaTeX Info: Redefining \sffamily on input line 339.
LaTeX Info: Redefining \ttfamily on input line 342.
LaTeX Font Info:    Font shape `JY3/mc/m/n' will be
(Font)              scaled to size 9.24866pt on input line 398.
\fullwidth=\dimen276
LaTeX Font Info:    Font shape `JY3/mc/m/n' will be
(Font)              scaled to size 7.39893pt on input line 537.
luaotfload | load : auto-selecting default features for script: dflt
\c@part=\count293
\c@section=\count294
\c@subsection=\count295
\c@subsubsection=\count296
\c@paragraph=\count297
\c@subparagraph=\count298
\@abstractbox=\box271
\c@figure=\count299
\c@table=\count300
\abovecaptionskip=\skip257
\belowcaptionskip=\skip258
LaTeX Info: Redefining \mc on input line 1137.
LaTeX Info: Redefining \gt on input line 1138.
\js@tocl@width=\dimen277
\@lnumwidth=\dimen278
\bibindent=\dimen279
LaTeX Info: Redefining \TeX on input line 1471.
LaTeX Info: Redefining \LaTeX on input line 1497.
LaTeX Info: Redefining \LaTeXe on input line 1522.
\heisei=\count301
)
(/usr/local/texlive/2014/texmf-dist/tex/luatex/luatexja/addons/luatexja-preset.
sty
Package: luatexja-preset 2013/10/28 Japanese font presets
 (/usr/local/texlive/2014/texmf-dist/tex/latex/l3kernel/expl3.sty
Package: expl3 2014/05/20 v4814 L3 programming layer (loader) 

(/usr/local/texlive/2014/texmf-dist/tex/latex/l3kernel/expl3-code.tex
Package: expl3 2014/05/20 v4814 L3 programming layer (code) 
L3 Module: l3bootstrap 2014/05/16 v4782 L3 Bootstrap code
L3 Module: l3names 2014/05/04 v4728 L3 Namespace for primitives
L3 Module: l3basics 2014/05/04 v4728 L3 Basic definitions
L3 Module: l3expan 2014/04/30 v4712 L3 Argument expansion
L3 Module: l3tl 2014/05/04 v4728 L3 Token lists
L3 Module: l3seq 2014/04/30 v4712 L3 Sequences and stacks
L3 Module: l3int 2014/05/16 v4776 L3 Integers
\c_max_int=\count302
\l_tmpa_int=\count303
\l_tmpb_int=\count304
\g_tmpa_int=\count305
\g_tmpb_int=\count306
L3 Module: l3quark 2014/05/04 v4728 L3 Quarks
L3 Module: l3prg 2014/05/04 v4728 L3 Control structures
\g__prg_map_int=\count307
L3 Module: l3clist 2014/05/04 v4728 L3 Comma separated lists
L3 Module: l3token 2014/05/04 v4728 L3 Experimental token manipulation
L3 Module: l3prop 2014/04/30 v4712 L3 Property lists
L3 Module: l3msg 2014/05/04 v4728 L3 Messages
L3 Module: l3file 2014/05/05 v4737 L3 File and I/O operations
\l_iow_line_count_int=\count308
\l__iow_target_count_int=\count309
\l__iow_current_line_int=\count310
\l__iow_current_word_int=\count311
\l__iow_current_indentation_int=\count312
L3 Module: l3skip 2014/05/05 v4738 L3 Dimensions and skips
\c_zero_dim=\dimen280
\c_max_dim=\dimen281
\l_tmpa_dim=\dimen282
\l_tmpb_dim=\dimen283
\g_tmpa_dim=\dimen284
\g_tmpb_dim=\dimen285
\c_zero_skip=\skip259
\c_max_skip=\skip260
\l_tmpa_skip=\skip261
\l_tmpb_skip=\skip262
\g_tmpa_skip=\skip263
\g_tmpb_skip=\skip264
\c_zero_muskip=\muskip10
\c_max_muskip=\muskip11
\l_tmpa_muskip=\muskip12
\l_tmpb_muskip=\muskip13
\g_tmpa_muskip=\muskip14
\g_tmpb_muskip=\muskip15
L3 Module: l3keys 2014/05/08 v4753 L3 Key-value interfaces
\g__keyval_level_int=\count313
\l_keys_choice_int=\count314
L3 Module: l3fp 2014/04/30 v4712 L3 Floating points
\c__fp_leading_shift_int=\count315
\c__fp_middle_shift_int=\count316
\c__fp_trailing_shift_int=\count317
\c__fp_big_leading_shift_int=\count318
\c__fp_big_middle_shift_int=\count319
\c__fp_big_trailing_shift_int=\count320
\c__fp_Bigg_leading_shift_int=\count321
\c__fp_Bigg_middle_shift_int=\count322
\c__fp_Bigg_trailing_shift_int=\count323
L3 Module: l3box 2014/05/04 v4728 L3 Experimental boxes
\c_empty_box=\box272
\l_tmpa_box=\box273
\l_tmpb_box=\box274
\g_tmpa_box=\box275
\g_tmpb_box=\box276
L3 Module: l3coffins 2014/05/04 v4728 L3 Coffin code layer
\l__coffin_internal_box=\box277
\l__coffin_internal_dim=\dimen286
\l__coffin_offset_x_dim=\dimen287
\l__coffin_offset_y_dim=\dimen288
\l__coffin_x_dim=\dimen289
\l__coffin_y_dim=\dimen290
\l__coffin_x_prime_dim=\dimen291
\l__coffin_y_prime_dim=\dimen292
\c_empty_coffin=\box278
\l__coffin_aligned_coffin=\box279
\l__coffin_aligned_internal_coffin=\box280
\l_tmpa_coffin=\box281
\l_tmpb_coffin=\box282
\l__coffin_display_coffin=\box283
\l__coffin_display_coord_coffin=\box284
\l__coffin_display_pole_coffin=\box285
\l__coffin_display_offset_dim=\dimen293
\l__coffin_display_x_dim=\dimen294
\l__coffin_display_y_dim=\dimen295
L3 Module: l3color 2014/04/30 v4712 L3 Experimental color support
L3 Module: l3luatex 2014/04/30 v4712 L3 Experimental LuaTeX-specific functions
\g__cctab_allocate_int=\count324
\g__cctab_stack_int=\count325
\c_code_cctab=\catcodetable9
L3 Module: l3candidates 2014/05/04 v4734 L3 Experimental additions to l3kernel
\l__box_top_dim=\dimen296
\l__box_bottom_dim=\dimen297
\l__box_left_dim=\dimen298
\l__box_right_dim=\dimen299
\l__box_top_new_dim=\dimen300
\l__box_bottom_new_dim=\dimen301
\l__box_left_new_dim=\dimen302
\l__box_right_new_dim=\dimen303
\l__box_internal_box=\box286
\l__coffin_bounding_shift_dim=\dimen304
\l__coffin_left_corner_dim=\dimen305
\l__coffin_right_corner_dim=\dimen306
\l__coffin_bottom_corner_dim=\dimen307
\l__coffin_top_corner_dim=\dimen308
\l__coffin_scaled_total_height_dim=\dimen309
\l__coffin_scaled_width_dim=\dimen310
))
(/usr/local/texlive/2014/texmf-dist/tex/luatex/luatexja/addons/luatexja-fontspe
c.sty
Package: luatexja-fontspec 2014/04/16 fontspec support of LuaTeX-ja

(/usr/local/texlive/2014/texmf-dist/tex/latex/l3packages/l3keys2e/l3keys2e.sty
Package: l3keys2e 2014/05/05 v4740 LaTeX2e option processing using LaTeX3 keys
)
(/usr/local/texlive/2014/texmf-dist/tex/latex/fontspec/fontspec.sty
Package: fontspec 2013/05/20 v2.3c Font selection for XeLaTeX and LuaLaTeX

(/usr/local/texlive/2014/texmf-dist/tex/latex/l3packages/xparse/xparse.sty
Package: xparse 2014/05/05 v4740 L3 Experimental document command parser
\l__xparse_current_arg_int=\count326
\l__xparse_m_args_int=\count327
\l__xparse_mandatory_args_int=\count328
\l__xparse_processor_int=\count329
\l__xparse_v_nesting_int=\count330
)
(/usr/local/texlive/2014/texmf-dist/tex/latex/fontspec/fontspec.lua)
Lua module: fontspec 2013/05/20 2.3c Advanced font selection for LuaLaTeX.
\l_fontspec_script_int=\count331
\l_fontspec_language_int=\count332
\l_fontspec_strnum_int=\count333
\l_fontspec_tmpa_dim=\dimen311
\l_fontspec_tmpb_dim=\dimen312
\l_fontspec_tmpc_dim=\dimen313
Variant \tl_gset:cV already defined; not changing it on line 69

(/usr/local/texlive/2014/texmf-dist/tex/latex/fontspec/fontspec-patches.sty
Package: fontspec-patches 2013/05/20 v2.3c Font selection for XeLaTeX and LuaLaT
eX

(/usr/local/texlive/2014/texmf-dist/tex/latex/base/fixltx2e.sty
Package: fixltx2e 2014/05/13 v1.1q fixes to LaTeX
LaTeX Info: Redefining \em on input line 429.
)
LaTeX Info: Redefining \em on input line 22.
LaTeX Info: Redefining \emph on input line 30.
LaTeX Info: Redefining \- on input line 33.

*************************************************
* LaTeX warning: "xparse/redefine-command"
* 
* Redefining document command \oldstylenums with arg. spec. 'm' on line 128.
*************************************************
.................................................
. LaTeX info: "xparse/define-command"
. 
. Defining document command \liningnums with arg. spec. 'm' on line 132.
.................................................
) (/usr/local/texlive/2014/texmf-dist/tex/latex/fontspec/fontspec-luatex.sty
Package: fontspec-luatex 2013/05/20 v2.3c Font selection for XeLaTeX and LuaLaTe
X

(/usr/local/texlive/2014/texmf-dist/tex/latex/base/fontenc.sty
Package: fontenc 2005/09/27 v1.99g Standard LaTeX package

(/usr/local/texlive/2014/texmf-dist/tex/latex/euenc/eu2enc.def
File: eu2enc.def 2010/05/27 v0.1h Experimental Unicode font encodings
)
LaTeX Font Info:    Try loading font information for EU2+lmr on input line 100.

(/usr/local/texlive/2014/texmf-dist/tex/latex/euenc/eu2lmr.fd
File: eu2lmr.fd 2009/10/30 v1.6 Font defs for Latin Modern
)
luaotfload | load : auto-selecting default features for script: latn
luaotfload | load : no defaults for script "latn", falling back to "dflt"(load l
uc: /Users/yousack/Library/texlive/2014/texmf-var/luatex-cache/generic/fonts/otf
/lmroman10-regular.luc))
(/usr/local/texlive/2014/texmf-dist/tex/xelatex/xunicode/xunicode.sty
File: xunicode.sty 2011/09/09 v0.981 provides access to latin accents and many o
ther characters in Unicode lower plane

(/usr/local/texlive/2014/texmf-dist/tex/latex/tipa/t3enc.def
File: t3enc.def 2001/12/31 T3 encoding
LaTeX Font Info:    Font shape `JY3/mc/m/sl' in size <10> not available
(Font)              Font shape `JY3/mc/m/n' tried instead on input line 316.
LaTeX Font Info:    Font shape `JY3/mc/m/n' will be
(Font)              scaled to size 9.24866pt on input line 316.
luaotfload | load : auto-selecting default features for script: latn
luaotfload | load : no defaults for script "latn", falling back to "dflt"(load l
uc: /Users/yousack/Library/texlive/2014/texmf-var/luatex-cache/generic/fonts/otf
/lmromanslant10-regular.luc)
LaTeX Font Info:    Font shape `JY3/mc/m/it' in size <10> not available
(Font)              Font shape `JY3/mc/m/n' tried instead on input line 316.
LaTeX Font Info:    Font shape `JY3/mc/m/n' will be
(Font)              scaled to size 9.24866pt on input line 316.
luaotfload | load : auto-selecting default features for script: latn
luaotfload | load : no defaults for script "latn", falling back to "dflt"(load l
uc: /Users/yousack/Library/texlive/2014/texmf-var/luatex-cache/generic/fonts/otf
/lmroman10-italic.luc)
LaTeX Font Info:    Font shape `JY3/mc/bx/n' in size <10> not available
(Font)              Font shape `JY3/gt/m/n' tried instead on input line 356.
LaTeX Font Info:    Font shape `JY3/gt/m/n' will be
(Font)              scaled to size 9.24866pt on input line 356.
luaotfload | load : auto-selecting default features for script: latn
luaotfload | load : no defaults for script "latn", falling back to "dflt"(load l
uc: /Users/yousack/Library/texlive/2014/texmf-var/luatex-cache/generic/fonts/otf
/lmroman10-bold.luc)
LaTeX Font Info:    Try loading font information for EU2+lmss on input line 357.


(/usr/local/texlive/2014/texmf-dist/tex/latex/euenc/eu2lmss.fd
File: eu2lmss.fd 2009/10/30 v1.6 Font defs for Latin Modern
)
luaotfload | load : auto-selecting default features for script: latn
luaotfload | load : no defaults for script "latn", falling back to "dflt"(load l
uc: /Users/yousack/Library/texlive/2014/texmf-var/luatex-cache/generic/fonts/otf
/lmsans10-regular.luc))
\tipaTiiicode=\count334
\tipasavetokens=\toks19
\tipachecktokens=\toks20

(/usr/local/texlive/2014/texmf-dist/tex/latex/graphics/graphicx.sty
Package: graphicx 2014/04/25 v1.0g Enhanced LaTeX Graphics (DPC,SPQR)

(/usr/local/texlive/2014/texmf-dist/tex/latex/graphics/graphics.sty
Package: graphics 2009/02/05 v1.0o Standard LaTeX Graphics (DPC,SPQR)

(/usr/local/texlive/2014/texmf-dist/tex/latex/graphics/trig.sty
Package: trig 1999/03/16 v1.09 sin cos tan (DPC)
)
(/usr/local/texlive/2014/texmf-dist/tex/latex/latexconfig/graphics.cfg
File: graphics.cfg 2010/04/23 v1.9 graphics configuration of TeX Live
)
Package graphics Info: Driver file: pdftex.def on input line 91.

(/usr/local/texlive/2014/texmf-dist/tex/latex/pdftex-def/pdftex.def
File: pdftex.def 2011/05/27 v0.06d Graphics/color for pdfTeX
\Gread@gobject=\count335
))
\Gin@req@height=\dimen314
\Gin@req@width=\dimen315
))
.................................................
. LaTeX info: "xparse/define-command"
. 
. Defining document command \fontspec with arg. spec. 'O{}m' on line 44.
.................................................
.................................................
. LaTeX info: "xparse/define-command"
. 
. Defining document command \setmainfont with arg. spec. 'O{}m' on line 49.
.................................................
.................................................
. LaTeX info: "xparse/define-command"
. 
. Defining document command \setsansfont with arg. spec. 'O{}m' on line 54.
.................................................
.................................................
. LaTeX info: "xparse/define-command"
. 
. Defining document command \setmonofont with arg. spec. 'O{}m' on line 59.
.................................................
.................................................
. LaTeX info: "xparse/define-command"
. 
. Defining document command \setmathrm with arg. spec. 'O{}m' on line 68.
.................................................
.................................................
. LaTeX info: "xparse/define-command"
. 
. Defining document command \setboldmathrm with arg. spec. 'O{}m' on line 72.
.................................................
.................................................
. LaTeX info: "xparse/define-command"
. 
. Defining document command \setmathsf with arg. spec. 'O{}m' on line 76.
.................................................
.................................................
. LaTeX info: "xparse/define-command"
. 
. Defining document command \setmathtt with arg. spec. 'O{}m' on line 80.
.................................................
.................................................
. LaTeX info: "xparse/define-command"
. 
. Defining document command \newfontfamily with arg. spec. 'mO{}m' on line 99.
.................................................
.................................................
. LaTeX info: "xparse/define-command"
. 
. Defining document command \newfontface with arg. spec. 'mO{}m' on line 103.
.................................................
.................................................
. LaTeX info: "xparse/define-command"
. 
. Defining document command \defaultfontfeatures with arg. spec. 'om' on line
. 111.
.................................................
.................................................
. LaTeX info: "xparse/define-command"
. 
. Defining document command \addfontfeatures with arg. spec. 'm' on line 147.
.................................................
.................................................
. LaTeX info: "xparse/define-command"
. 
. Defining document command \newfontfeature with arg. spec. 'mm' on line 159.
.................................................
.................................................
. LaTeX info: "xparse/define-command"
. 
. Defining document command \newAATfeature with arg. spec. 'mmmm' on line 167.
.................................................
.................................................
. LaTeX info: "xparse/define-command"
. 
. Defining document command \newICUfeature with arg. spec. 'mmm' on line 175.
.................................................
.................................................
. LaTeX info: "xparse/define-command"
. 
. Defining document command \aliasfontfeature with arg. spec. 'mm' on line
. 204.
.................................................
.................................................
. LaTeX info: "xparse/define-command"
. 
. Defining document command \aliasfontfeatureoption with arg. spec. 'mmm' on
. line 206.
.................................................
.................................................
. LaTeX info: "xparse/define-command"
. 
. Defining document command \newfontscript with arg. spec. 'mm' on line 211.
.................................................
.................................................
. LaTeX info: "xparse/define-command"
. 
. Defining document command \newfontlanguage with arg. spec. 'mm' on line 238.
.................................................
.................................................
. LaTeX info: "xparse/define-command"
. 
. Defining document command \DeclareFontsExtensions with arg. spec. 'm' on
. line 259.
.................................................
Variant \prop_gput:cnV already defined; not changing it on line 586
Variant \prop_gput:cnx already defined; not changing it on line 587
\l_fontspec_tmp_int=\count336
LaTeX Info: Redefining \itshape on input line 2008.
LaTeX Info: Redefining \slshape on input line 2013.
LaTeX Info: Redefining \scshape on input line 2018.
LaTeX Info: Redefining \upshape on input line 2023.

(/usr/local/texlive/2014/texmf-dist/tex/latex/fontspec/fontspec.cfg)))
\g_ltj_fontspec_altnumber_int=\count337
.................................................
. LaTeX info: "xparse/define-command"
. 
. Defining document command \jfontspec with arg. spec. 'O{}m' on line 210.
.................................................
.................................................
. LaTeX info: "xparse/define-command"
. 
. Defining document command \setmainjfont with arg. spec. 'O{}m' on line 217.
.................................................
.................................................
. LaTeX info: "xparse/define-command"
. 
. Defining document command \setsansjfont with arg. spec. 'O{}m' on line 223.
.................................................
.................................................
. LaTeX info: "xparse/define-command"
. 
. Defining document command \newjfontfamily with arg. spec. 'mO{}m' on line
. 232.
.................................................
.................................................
. LaTeX info: "xparse/define-command"
. 
. Defining document command \newjfontface with arg. spec. 'mO{}m' on line 236.
.................................................
.................................................
. LaTeX info: "xparse/define-command"
. 
. Defining document command \defaultjfontfeatures with arg. spec. 'om' on line
. 245.
.................................................
.................................................
. LaTeX info: "xparse/define-command"
. 
. Defining document command \addjfontfeatures with arg. spec. 'm' on line 273.
.................................................
LaTeX Info: Redefining \fontfamily on input line 283.
)
\l_ltjpreset_deluxe_int=\count338

*************************************************
* luatexja-preset warning: "scale"
* 
* Japanese fonts will be scaled by 0.92486572265625.
*************************************************
*************************************************
* luatexja-fontspec warning: "addjfontfeatures-ignored"
* 
* \addjfontfeature(s) ignored;
* it cannot be used with a font that wasn't selected by luatexja-fontspec.
*************************************************
\g__file_internal_ior=\read1
luaotfload | load : auto-selecting default features for script: dflt(load luc: /
Users/yousack/Library/texlive/2014/texmf-var/luatex-cache/generic/fonts/otf/kozm
inpr6n-regular.luc)
luaotfload | load : auto-selecting default features for script: dflt
luaotfload: font no 29 (KozMinPr6N-Regular) defines feature ruby for script latn
luaotfload: font no 29 (KozMinPr6N-Regular) defines feature ruby for script latn
\g_fontspec_family_KozMinPr6N-Regular_int=\count339
luaotfload | load : auto-selecting default features for script: dflt
luaotfload: font no 29 (KozMinPr6N-Regular) does not define feature smcp for scr
ipt latn with language dflt
luaotfload: no font with id 29
luaotfload | load : auto-selecting default features for script: dflt
luaotfload | load : auto-selecting default features for script: dflt(load luc: /
Users/yousack/Library/texlive/2014/texmf-var/luatex-cache/generic/fonts/otf/kozg
opr6n-medium.luc)
luaotfload: font no 30 (KozGoPr6N-Medium) does not define feature smcp for scrip
t latn with language dflt
luaotfload: no font with id 30
luaotfload | load : auto-selecting default features for script: dflt
luaotfload | load : auto-selecting default features for script: dflt
luaotfload | load : auto-selecting default features for script: dflt
.................................................
. fontspec info: "no-font-shape"
. 
. Could not resolve font KozMinPr6N-Regular/I (it probably doesn't exist).
.................................................
luaotfload | load : auto-selecting default features for script: dflt
luaotfload | load : auto-selecting default features for script: dflt
.................................................
. fontspec info: "no-font-shape"
. 
. Could not resolve font KozGoPr6N-Medium/I (it probably doesn't exist).
.................................................
.................................................
. fontspec info: "defining-font"
. 
. Font family 'KozMinPr6N-Regular(0)' created for font 'KozMinPr6N-Regular'
. with options
. [JFM=ujis,Scale=0.92486572265625,Kerning=Off,BoldFont=KozGoPr6N-Medium,,JFM=uj
is].
. 
. This font family consists of the following shapes:
. 
. * 'normal' with NFSS spec.:
. 
. <->s*[0.92486572265625]"KozMinPr6N-Regular:mode=node;script=latn;language=DFLT
;jfm=ujis;-kern;jfm=ujis;"
. 
. * 'normal' with NFSS spec.:
. 
. <->s*[0.92486572265625]"KozMinPr6N-Regular:mode=node;script=latn;language=DFLT
;jfm=ujis;-kern;jfm=ujis;"
. 
. * 'bold' with NFSS spec.:
. 
. <->s*[0.92486572265625]"KozGoPr6N-Medium:mode=node;script=latn;language=DFLT;j
fm=ujis;-kern;jfm=ujis;"
. 
. * 'bold' with NFSS spec.:
. 
. <->s*[0.92486572265625]"KozGoPr6N-Medium:mode=node;script=latn;language=DFLT;j
fm=ujis;-kern;jfm=ujis;"
.................................................
LaTeX Font Info:    Redeclaring symbol font `mincho' on input line 322.
LaTeX Font Info:    Overwriting symbol font `mincho' in version `normal'
(Font)                  JY3/mc/m/n --> JY3/KozMinPr6N-Regular(0)/m/n on input li
ne 322.
LaTeX Font Info:    Overwriting symbol font `mincho' in version `bold'
(Font)                  JY3/gt/m/n --> JY3/KozMinPr6N-Regular(0)/m/n on input li
ne 322.
LaTeX Font Info:    Overwriting symbol font `mincho' in version `bold'
(Font)                  JY3/KozMinPr6N-Regular(0)/m/n --> JY3/KozMinPr6N-Regular
(0)/bx/n on input line 322.
LaTeX Font Info:    Font shape `JY3/KozMinPr6N-Regular(0)/m/n' will be
(Font)              scaled to size 9.24866pt on input line 322.
luaotfload | load : auto-selecting default features for script: latn
luaotfload | load : no defaults for script "latn", falling back to "dflt"
luaotfload | load : auto-selecting default features for script: dflt
luaotfload | load : auto-selecting default features for script: dflt
luaotfload: font no 30 (KozGoPr6N-Medium) defines feature ruby for script latn
luaotfload: font no 30 (KozGoPr6N-Medium) defines feature ruby for script latn
\g_fontspec_family_KozGoPr6N-Medium_int=\count340
luaotfload | load : auto-selecting default features for script: dflt
luaotfload: font no 30 (KozGoPr6N-Medium) does not define feature smcp for scrip
t latn with language dflt
luaotfload: no font with id 30
luaotfload | load : auto-selecting default features for script: dflt
luaotfload | load : auto-selecting default features for script: dflt
luaotfload: font no 30 (KozGoPr6N-Medium) does not define feature smcp for scrip
t latn with language dflt
luaotfload: no font with id 30
luaotfload | load : auto-selecting default features for script: dflt
luaotfload | load : auto-selecting default features for script: dflt
luaotfload | load : auto-selecting default features for script: dflt
.................................................
. fontspec info: "no-font-shape"
. 
. Could not resolve font KozGoPr6N-Medium/I (it probably doesn't exist).
.................................................
luaotfload | load : auto-selecting default features for script: dflt
luaotfload | load : auto-selecting default features for script: dflt
.................................................
. fontspec info: "no-font-shape"
. 
. Could not resolve font KozGoPr6N-Medium/I (it probably doesn't exist).
.................................................
.................................................
. fontspec info: "defining-font"
. 
. Font family 'KozGoPr6N-Medium(0)' created for font 'KozGoPr6N-Medium' with
. options
. [JFM=ujis,Scale=0.92486572265625,Kerning=Off,BoldFont=KozGoPr6N-Medium,,JFM=uj
is].
. 
. This font family consists of the following shapes:
. 
. * 'normal' with NFSS spec.:
. 
. <->s*[0.92486572265625]"KozGoPr6N-Medium:mode=node;script=latn;language=DFLT;j
fm=ujis;-kern;jfm=ujis;"
. 
. * 'normal' with NFSS spec.:
. 
. <->s*[0.92486572265625]"KozGoPr6N-Medium:mode=node;script=latn;language=DFLT;j
fm=ujis;-kern;jfm=ujis;"
. 
. * 'bold' with NFSS spec.:
. 
. <->s*[0.92486572265625]"KozGoPr6N-Medium:mode=node;script=latn;language=DFLT;j
fm=ujis;-kern;jfm=ujis;"
. 
. * 'bold' with NFSS spec.:
. 
. <->s*[0.92486572265625]"KozGoPr6N-Medium:mode=node;script=latn;language=DFLT;j
fm=ujis;-kern;jfm=ujis;"
.................................................
LaTeX Font Info:    Redeclaring math alphabet \mathgt on input line 327.
LaTeX Font Info:    Overwriting math alphabet `\mathgt' in version `normal'
(Font)                  JY3/gt/m/n --> JY3/KozGoPr6N-Medium(0)/m/n on input line
 327.
LaTeX Font Info:    Overwriting math alphabet `\mathgt' in version `bold'
(Font)                  JY3/gt/m/n --> JY3/KozGoPr6N-Medium(0)/m/n on input line
 327.
)
(/usr/local/texlive/2014/texmf-dist/tex/latex/geometry/geometry.sty
Package: geometry 2010/09/12 v5.6 Page Geometry

(/usr/local/texlive/2014/texmf-dist/tex/generic/oberdiek/ifvtex.sty
Package: ifvtex 2010/03/01 v1.5 Detect VTeX and its facilities (HO)
Package ifvtex Info: VTeX not detected.
)
(/usr/local/texlive/2014/texmf-dist/tex/generic/ifxetex/ifxetex.sty
Package: ifxetex 2010/09/12 v0.6 Provides ifxetex conditional
)
\Gm@cnth=\count341
\Gm@cntv=\count342
\c@Gm@tempcnt=\count343
\Gm@bindingoffset=\dimen316
\Gm@wd@mp=\dimen317
\Gm@odd@mp=\dimen318
\Gm@even@mp=\dimen319
\Gm@layoutwidth=\dimen320
\Gm@layoutheight=\dimen321
\Gm@layouthoffset=\dimen322
\Gm@layoutvoffset=\dimen323
\Gm@dimlist=\toks21
)
(/usr/local/texlive/2014/texmf-dist/tex/latex/base/inputenc.sty
Package: inputenc 2014/04/30 v1.2b Input encoding file
\inpenc@prehook=\toks22
\inpenc@posthook=\toks23


Package inputenc Warning: inputenc package ignored with utf8 based engines.

) (/usr/local/texlive/2014/texmf-dist/tex/latex/base/fontenc.sty
Package: fontenc 2005/09/27 v1.99g Standard LaTeX package

(/usr/local/texlive/2014/texmf-dist/tex/latex/base/t1enc.def
File: t1enc.def 2005/09/27 v1.99g Standard LaTeX file
LaTeX Font Info:    Redeclaring font encoding T1 on input line 43.
)
LaTeX Font Info:    Try loading font information for T1+lmr on input line 100.

(/usr/local/texlive/2014/texmf-dist/tex/latex/lm/t1lmr.fd
File: t1lmr.fd 2009/10/30 v1.6 Font defs for Latin Modern
)
luaotfload | load : auto-selecting default features for script: dflt)
(/usr/local/texlive/2014/texmf-dist/tex/latex/tools/longtable.sty
Package: longtable 2004/02/01 v4.11 Multi-page Table package (DPC)
\LTleft=\skip265
\LTright=\skip266
\LTpre=\skip267
\LTpost=\skip268
\LTchunksize=\count344
\LTcapwidth=\dimen324
\LT@head=\box287
\LT@firsthead=\box288
\LT@foot=\box289
\LT@lastfoot=\box290
\LT@cols=\count345
\LT@rows=\count346
\c@LT@tables=\count347
\c@LT@chunks=\count348
\LT@p@ftn=\toks24
)
(/usr/local/texlive/2014/texmf-dist/tex/latex/float/float.sty
Package: float 2001/11/08 v1.3d Float enhancements (AL)
\c@float@type=\count349
\float@exts=\toks25
\float@box=\box291
\@float@everytoks=\toks26
\@floatcapt=\box292
)
(/usr/local/texlive/2014/texmf-dist/tex/latex/wrapfig/wrapfig.sty
\wrapoverhang=\dimen325
\WF@size=\dimen326
\c@WF@wrappedlines=\count350
\WF@box=\box293
\WF@everypar=\toks27
Package: wrapfig 2003/01/31  v 3.6
)
(/usr/local/texlive/2014/texmf-dist/tex/latex/rotating/rotating.sty
Package: rotating 2009/03/28 v2.16a rotated objects in LaTeX

(/usr/local/texlive/2014/texmf-dist/tex/latex/base/ifthen.sty
Package: ifthen 2001/05/26 v1.1c Standard LaTeX ifthen package (DPC)
)
\c@r@tfl@t=\count351
\rotFPtop=\skip269
\rotFPbot=\skip270
\rot@float@box=\box294
\rot@mess@toks=\toks28
)
(/usr/local/texlive/2014/texmf-dist/tex/generic/ulem/ulem.sty
\UL@box=\box295
\UL@hyphenbox=\box296
\UL@skip=\skip271
\UL@hook=\toks29
\UL@height=\dimen327
\UL@pe=\count352
\UL@pixel=\dimen328
\ULC@box=\box297
luaotfload | load : auto-selecting default features for script: dflt
Package: ulem 2012/05/18
\ULdepth=\dimen329
)
(/usr/local/texlive/2014/texmf-dist/tex/latex/amsmath/amsmath.sty
Package: amsmath 2013/01/14 v2.14 AMS math features
\@mathmargin=\skip272

For additional information on amsmath, use the `?' option.
(/usr/local/texlive/2014/texmf-dist/tex/latex/amsmath/amstext.sty
Package: amstext 2000/06/29 v2.01

(/usr/local/texlive/2014/texmf-dist/tex/latex/amsmath/amsgen.sty
File: amsgen.sty 1999/11/30 v2.0
\@emptytoks=\toks30
\ex@=\dimen330
))
(/usr/local/texlive/2014/texmf-dist/tex/latex/amsmath/amsbsy.sty
Package: amsbsy 1999/11/29 v1.2d
\pmbraise@=\dimen331
)
(/usr/local/texlive/2014/texmf-dist/tex/latex/amsmath/amsopn.sty
Package: amsopn 1999/12/14 v2.01 operator names
)
\inf@bad=\count353
LaTeX Info: Redefining \frac on input line 210.
\uproot@=\count354
\leftroot@=\count355
LaTeX Info: Redefining \overline on input line 306.
\classnum@=\count356
\DOTSCASE@=\count357
LaTeX Info: Redefining \ldots on input line 378.
LaTeX Info: Redefining \dots on input line 381.
LaTeX Info: Redefining \cdots on input line 466.
\Mathstrutbox@=\box298
\strutbox@=\box299
\big@size=\dimen332
LaTeX Font Info:    Redeclaring font encoding OML on input line 566.
LaTeX Font Info:    Redeclaring font encoding OMS on input line 567.
\macc@depth=\count358
\c@MaxMatrixCols=\count359
\dotsspace@=\muskip16
\c@parentequation=\count360
\dspbrk@lvl=\count361
\tag@help=\toks31
\row@=\count362
\column@=\count363
\maxfields@=\count364
\andhelp@=\toks32
\eqnshift@=\dimen333
\alignsep@=\dimen334
\tagshift@=\dimen335
\tagwidth@=\dimen336
\totwidth@=\dimen337
\lineht@=\dimen338
\@envbody=\toks33
\multlinegap=\skip273
\multlinetaggap=\skip274
\mathdisplay@stack=\toks34
LaTeX Info: Redefining \[ on input line 2665.
LaTeX Info: Redefining \] on input line 2666.
)
(/usr/local/texlive/2014/texmf-dist/tex/latex/base/textcomp.sty
Package: textcomp 2005/09/27 v1.99g Standard LaTeX package
Package textcomp Info: Sub-encoding information:
(textcomp)               5 = only ISO-Adobe without \textcurrency
(textcomp)               4 = 5 + \texteuro
(textcomp)               3 = 4 + \textohm
(textcomp)               2 = 3 + \textestimated + \textcurrency
(textcomp)               1 = TS1 - \textcircled - \t
(textcomp)               0 = TS1 (full)
(textcomp)             Font families with sub-encoding setting implement
(textcomp)             only a restricted character set as indicated.
(textcomp)             Family '?' is the default used for unknown fonts.
(textcomp)             See the documentation for details.
Package textcomp Info: Setting ? sub-encoding to TS1/1 on input line 71.

(/usr/local/texlive/2014/texmf-dist/tex/latex/base/ts1enc.def
File: ts1enc.def 2001/06/05 v3.0e (jk/car/fm) Standard LaTeX file
)
LaTeX Info: Redefining \oldstylenums on input line 266.
Package textcomp Info: Setting cmr sub-encoding to TS1/0 on input line 281.
Package textcomp Info: Setting cmss sub-encoding to TS1/0 on input line 282.
Package textcomp Info: Setting cmtt sub-encoding to TS1/0 on input line 283.
Package textcomp Info: Setting cmvtt sub-encoding to TS1/0 on input line 284.
Package textcomp Info: Setting cmbr sub-encoding to TS1/0 on input line 285.
Package textcomp Info: Setting cmtl sub-encoding to TS1/0 on input line 286.
Package textcomp Info: Setting ccr sub-encoding to TS1/0 on input line 287.
Package textcomp Info: Setting ptm sub-encoding to TS1/4 on input line 288.
Package textcomp Info: Setting pcr sub-encoding to TS1/4 on input line 289.
Package textcomp Info: Setting phv sub-encoding to TS1/4 on input line 290.
Package textcomp Info: Setting ppl sub-encoding to TS1/3 on input line 291.
Package textcomp Info: Setting pag sub-encoding to TS1/4 on input line 292.
Package textcomp Info: Setting pbk sub-encoding to TS1/4 on input line 293.
Package textcomp Info: Setting pnc sub-encoding to TS1/4 on input line 294.
Package textcomp Info: Setting pzc sub-encoding to TS1/4 on input line 295.
Package textcomp Info: Setting bch sub-encoding to TS1/4 on input line 296.
Package textcomp Info: Setting put sub-encoding to TS1/5 on input line 297.
Package textcomp Info: Setting uag sub-encoding to TS1/5 on input line 298.
Package textcomp Info: Setting ugq sub-encoding to TS1/5 on input line 299.
Package textcomp Info: Setting ul8 sub-encoding to TS1/4 on input line 300.
Package textcomp Info: Setting ul9 sub-encoding to TS1/4 on input line 301.
Package textcomp Info: Setting augie sub-encoding to TS1/5 on input line 302.
Package textcomp Info: Setting dayrom sub-encoding to TS1/3 on input line 303.
Package textcomp Info: Setting dayroms sub-encoding to TS1/3 on input line 304.
Package textcomp Info: Setting pxr sub-encoding to TS1/0 on input line 305.
Package textcomp Info: Setting pxss sub-encoding to TS1/0 on input line 306.
Package textcomp Info: Setting pxtt sub-encoding to TS1/0 on input line 307.
Package textcomp Info: Setting txr sub-encoding to TS1/0 on input line 308.
Package textcomp Info: Setting txss sub-encoding to TS1/0 on input line 309.
Package textcomp Info: Setting txtt sub-encoding to TS1/0 on input line 310.
Package textcomp Info: Setting lmr sub-encoding to TS1/0 on input line 311.
Package textcomp Info: Setting lmdh sub-encoding to TS1/0 on input line 312.
Package textcomp Info: Setting lmss sub-encoding to TS1/0 on input line 313.
Package textcomp Info: Setting lmssq sub-encoding to TS1/0 on input line 314.
Package textcomp Info: Setting lmvtt sub-encoding to TS1/0 on input line 315.
Package textcomp Info: Setting qhv sub-encoding to TS1/0 on input line 316.
Package textcomp Info: Setting qag sub-encoding to TS1/0 on input line 317.
Package textcomp Info: Setting qbk sub-encoding to TS1/0 on input line 318.
Package textcomp Info: Setting qcr sub-encoding to TS1/0 on input line 319.
Package textcomp Info: Setting qcs sub-encoding to TS1/0 on input line 320.
Package textcomp Info: Setting qpl sub-encoding to TS1/0 on input line 321.
Package textcomp Info: Setting qtm sub-encoding to TS1/0 on input line 322.
Package textcomp Info: Setting qzc sub-encoding to TS1/0 on input line 323.
Package textcomp Info: Setting qhvc sub-encoding to TS1/0 on input line 324.
Package textcomp Info: Setting futs sub-encoding to TS1/4 on input line 325.
Package textcomp Info: Setting futx sub-encoding to TS1/4 on input line 326.
Package textcomp Info: Setting futj sub-encoding to TS1/4 on input line 327.
Package textcomp Info: Setting hlh sub-encoding to TS1/3 on input line 328.
Package textcomp Info: Setting hls sub-encoding to TS1/3 on input line 329.
Package textcomp Info: Setting hlst sub-encoding to TS1/3 on input line 330.
Package textcomp Info: Setting hlct sub-encoding to TS1/5 on input line 331.
Package textcomp Info: Setting hlx sub-encoding to TS1/5 on input line 332.
Package textcomp Info: Setting hlce sub-encoding to TS1/5 on input line 333.
Package textcomp Info: Setting hlcn sub-encoding to TS1/5 on input line 334.
Package textcomp Info: Setting hlcw sub-encoding to TS1/5 on input line 335.
Package textcomp Info: Setting hlcf sub-encoding to TS1/5 on input line 336.
Package textcomp Info: Setting pplx sub-encoding to TS1/3 on input line 337.
Package textcomp Info: Setting pplj sub-encoding to TS1/3 on input line 338.
Package textcomp Info: Setting ptmx sub-encoding to TS1/4 on input line 339.
Package textcomp Info: Setting ptmj sub-encoding to TS1/4 on input line 340.
)
(/usr/local/texlive/2014/texmf-dist/tex/latex/marvosym/marvosym.sty
Package: marvosym 2011/07/20 v2.2 Martin Vogel's Symbols font definitions
)
(/usr/local/texlive/2014/texmf-dist/tex/latex/wasysym/wasysym.sty
Package: wasysym 2003/10/30 v2.0 Wasy-2 symbol support package
\symwasy=\mathgroup5
LaTeX Font Info:    Overwriting symbol font `wasy' in version `bold'
(Font)                  U/wasy/m/n --> U/wasy/b/n on input line 90.
)
(/usr/local/texlive/2014/texmf-dist/tex/latex/amsfonts/amssymb.sty
Package: amssymb 2013/01/14 v3.01 AMS font symbols

(/usr/local/texlive/2014/texmf-dist/tex/latex/amsfonts/amsfonts.sty
Package: amsfonts 2013/01/14 v3.01 Basic AMSFonts support
\symAMSa=\mathgroup6
\symAMSb=\mathgroup7
LaTeX Font Info:    Overwriting math alphabet `\mathfrak' in version `bold'
(Font)                  U/euf/m/n --> U/euf/b/n on input line 106.
))
(/usr/local/texlive/2014/texmf-dist/tex/latex/hyperref/hyperref.sty
Package: hyperref 2012/11/06 v6.83m Hypertext links for LaTeX

(/usr/local/texlive/2014/texmf-dist/tex/generic/oberdiek/hobsub-hyperref.sty
Package: hobsub-hyperref 2012/05/28 v1.13 Bundle oberdiek, subset hyperref (HO)

(/usr/local/texlive/2014/texmf-dist/tex/generic/oberdiek/hobsub-generic.sty
Package: hobsub-generic 2012/05/28 v1.13 Bundle oberdiek, subset generic (HO)
Package: hobsub 2012/05/28 v1.13 Construct package bundles (HO)
Package hobsub Info: Skipping package `infwarerr' (already loaded).
Package hobsub Info: Skipping package `ltxcmds' (already loaded).
Package hobsub Info: Skipping package `ifluatex' (already loaded).
Package hobsub Info: Skipping package `ifvtex' (already loaded).
Package: intcalc 2007/09/27 v1.1 Expandable calculations with integers (HO)
Package hobsub Info: Skipping package `ifpdf' (already loaded).
Package: etexcmds 2011/02/16 v1.5 Avoid name clashes with e-TeX commands (HO)
Package: kvsetkeys 2012/04/25 v1.16 Key value parser (HO)
Package: kvdefinekeys 2011/04/07 v1.3 Define keys (HO)
Package hobsub Info: Skipping package `luatex-loader' (already loaded).
Package hobsub Info: Skipping package `pdftexcmds' (already loaded).
Package: pdfescape 2011/11/25 v1.13 Implements pdfTeX's escape features (HO)
Package: bigintcalc 2012/04/08 v1.3 Expandable calculations on big integers (HO)

Package: bitset 2011/01/30 v1.1 Handle bit-vector datatype (HO)
Package: uniquecounter 2011/01/30 v1.2 Provide unlimited unique counter (HO)
)
Package hobsub Info: Skipping package `hobsub' (already loaded).
Package: letltxmacro 2010/09/02 v1.4 Let assignment for LaTeX macros (HO)
Package: hopatch 2012/05/28 v1.2 Wrapper for package hooks (HO)
Package: xcolor-patch 2011/01/30 xcolor patch
Package: atveryend 2011/06/30 v1.8 Hooks at the very end of document (HO)
Package atveryend Info: \enddocument detected (standard20110627).
Package: atbegshi 2011/10/05 v1.16 At begin shipout hook (HO)
Package: refcount 2011/10/16 v3.4 Data extraction from label references (HO)
Package: hycolor 2011/01/30 v1.7 Color options for hyperref/bookmark (HO)
)
(/usr/local/texlive/2014/texmf-dist/tex/latex/oberdiek/auxhook.sty
Package: auxhook 2011/03/04 v1.3 Hooks for auxiliary files (HO)
)
(/usr/local/texlive/2014/texmf-dist/tex/latex/oberdiek/kvoptions.sty
Package: kvoptions 2011/06/30 v3.11 Key value format for package options (HO)
)
\@linkdim=\dimen339
\Hy@linkcounter=\count365
\Hy@pagecounter=\count366

(/usr/local/texlive/2014/texmf-dist/tex/latex/hyperref/pd1enc.def
File: pd1enc.def 2012/11/06 v6.83m Hyperref: PDFDocEncoding definition (HO)
)
\Hy@SavedSpaceFactor=\count367

(/usr/local/texlive/2014/texmf-dist/tex/latex/latexconfig/hyperref.cfg
File: hyperref.cfg 2002/06/06 v1.2 hyperref configuration of TeXLive
)
Package hyperref Info: Hyper figures OFF on input line 4443.
Package hyperref Info: Link nesting OFF on input line 4448.
Package hyperref Info: Hyper index ON on input line 4451.
Package hyperref Info: Plain pages OFF on input line 4458.
Package hyperref Info: Backreferencing OFF on input line 4463.
Package hyperref Info: Implicit mode ON; LaTeX internals redefined.
Package hyperref Info: Bookmarks ON on input line 4688.
\c@Hy@tempcnt=\count368

(/usr/local/texlive/2014/texmf-dist/tex/latex/url/url.sty
\Urlmuskip=\muskip17
Package: url 2013/09/16  ver 3.4  Verb mode for urls, etc.
)
LaTeX Info: Redefining \url on input line 5041.
\XeTeXLinkMargin=\dimen340
\Fld@menulength=\count369
\Field@Width=\dimen341
\Fld@charsize=\dimen342
Package hyperref Info: Hyper figures OFF on input line 6295.
Package hyperref Info: Link nesting OFF on input line 6300.
Package hyperref Info: Hyper index ON on input line 6303.
Package hyperref Info: backreferencing OFF on input line 6310.
Package hyperref Info: Link coloring OFF on input line 6315.
Package hyperref Info: Link coloring with OCG OFF on input line 6320.
Package hyperref Info: PDF/A mode OFF on input line 6325.
LaTeX Info: Redefining \ref on input line 6365.
LaTeX Info: Redefining \pageref on input line 6369.
\Hy@abspage=\count370
\c@Item=\count371
\c@Hfootnote=\count372
)

Package hyperref Message: Driver (autodetected): hpdftex.

(/usr/local/texlive/2014/texmf-dist/tex/latex/hyperref/hpdftex.def
File: hpdftex.def 2012/11/06 v6.83m Hyperref driver for pdfTeX
\Fld@listcount=\count373
\c@bookmark@seq@number=\count374

(/usr/local/texlive/2014/texmf-dist/tex/latex/oberdiek/rerunfilecheck.sty
Package: rerunfilecheck 2011/04/15 v1.7 Rerun checks for auxiliary files (HO)
Package uniquecounter Info: New unique counter `rerunfilecheck' on input line 28
2.
)
\Hy@SectionHShift=\skip275
)
(./alter.aux)
LaTeX Font Info:    Checking defaults for OML/cmm/m/it on input line 28.
LaTeX Font Info:    ... okay on input line 28.
LaTeX Font Info:    Checking defaults for T1/cmr/m/n on input line 28.
LaTeX Font Info:    ... okay on input line 28.
LaTeX Font Info:    Checking defaults for OT1/cmr/m/n on input line 28.
LaTeX Font Info:    ... okay on input line 28.
LaTeX Font Info:    Checking defaults for OMS/cmsy/m/n on input line 28.
LaTeX Font Info:    ... okay on input line 28.
LaTeX Font Info:    Checking defaults for OMX/cmex/m/n on input line 28.
LaTeX Font Info:    ... okay on input line 28.
LaTeX Font Info:    Checking defaults for U/cmr/m/n on input line 28.
LaTeX Font Info:    ... okay on input line 28.
LaTeX Font Info:    Checking defaults for JY3/mc/m/n on input line 28.
LaTeX Font Info:    ... okay on input line 28.
LaTeX Font Info:    Checking defaults for EU2/lmr/m/n on input line 28.
LaTeX Font Info:    ... okay on input line 28.
LaTeX Font Info:    Checking defaults for T3/cmr/m/n on input line 28.
LaTeX Font Info:    Try loading font information for T3+cmr on input line 28.
 (/usr/local/texlive/2014/texmf-dist/tex/latex/tipa/t3cmr.fd
File: t3cmr.fd 2001/12/31 TIPA font definitions
)
LaTeX Font Info:    ... okay on input line 28.
LaTeX Font Info:    Checking defaults for TS1/cmr/m/n on input line 28.
LaTeX Font Info:    Try loading font information for TS1+cmr on input line 28.

(/usr/local/texlive/2014/texmf-dist/tex/latex/base/ts1cmr.fd
File: ts1cmr.fd 1999/05/25 v2.5h Standard LaTeX font definitions
)
LaTeX Font Info:    ... okay on input line 28.
LaTeX Font Info:    Checking defaults for PD1/pdf/m/n on input line 28.
LaTeX Font Info:    ... okay on input line 28.

(/usr/local/texlive/2014/texmf-dist/tex/luatex/luatexja/patches/lltjp-fontspec.
sty
Package: lltjp-fontspec 2013/05/14 Patch to fontspec for LuaTeX-ja
)
(/usr/local/texlive/2014/texmf-dist/tex/luatex/luatexja/patches/lltjp-xunicode.
sty
Package: lltjp-xunicode 2013/05/14 Patch to xunicode for LuaTeX-ja
 (/usr/local/texlive/2014/texmf-dist/tex/xelatex/xunicode/xunicode.sty
File: xunicode.sty 2011/09/09 v0.981 provides access to latin accents and many o
ther characters in Unicode lower plane

*** Reloading Xunicode for encoding 'EU2' ***
))
*** you should *not* be loading the inputenc package
*** XeTeX expects the source to be in UTF8 encoding
*** some features of other encodings may conflict, resulting in poor output.
(/usr/local/texlive/2014/texmf-dist/tex/context/base/supp-pdf.mkii
[Loading MPS to PDF converter (version 2006.09.02).]
\scratchcounter=\count375
\scratchdimen=\dimen343
\scratchbox=\box300
\nofMPsegments=\count376
\nofMParguments=\count377
\everyMPshowfont=\toks35
\MPscratchCnt=\count378
\MPscratchDim=\dimen344
\MPnumerator=\count379
\makeMPintoPDFobject=\count380
\everyMPtoPDFconversion=\toks36
) (/usr/local/texlive/2014/texmf-dist/tex/latex/oberdiek/epstopdf-base.sty
Package: epstopdf-base 2010/02/09 v2.5 Base part for package epstopdf

(/usr/local/texlive/2014/texmf-dist/tex/latex/oberdiek/grfext.sty
Package: grfext 2010/08/19 v1.1 Manage graphics extensions (HO)
)
Package grfext Info: Graphics extension search list:
(grfext)             [.png,.pdf,.jpg,.mps,.jpeg,.jbig2,.jb2,.PNG,.PDF,.JPG,.JPEG
,.JBIG2,.JB2,.eps]
(grfext)             \AppendGraphicsExtensions on input line 452.

(/usr/local/texlive/2014/texmf-dist/tex/latex/latexconfig/epstopdf-sys.cfg
File: epstopdf-sys.cfg 2010/07/13 v1.3 Configuration of (r)epstopdf for TeX Live

))
.................................................
. fontspec info: "setup-math"
. 
. Adjusting the maths setup (use [no-math] to avoid this).
.................................................
\symlegacymaths=\mathgroup8
LaTeX Font Info:    Overwriting symbol font `legacymaths' in version `bold'
(Font)                  OT1/cmr/m/n --> OT1/cmr/bx/n on input line 28.
LaTeX Font Info:    Redeclaring math accent \acute on input line 28.
LaTeX Font Info:    Redeclaring math accent \grave on input line 28.
LaTeX Font Info:    Redeclaring math accent \ddot on input line 28.
LaTeX Font Info:    Redeclaring math accent \tilde on input line 28.
LaTeX Font Info:    Redeclaring math accent \bar on input line 28.
LaTeX Font Info:    Redeclaring math accent \breve on input line 28.
LaTeX Font Info:    Redeclaring math accent \check on input line 28.
LaTeX Font Info:    Redeclaring math accent \hat on input line 28.
LaTeX Font Info:    Redeclaring math accent \dot on input line 28.
LaTeX Font Info:    Redeclaring math accent \mathring on input line 28.
LaTeX Font Info:    Redeclaring math symbol \Gamma on input line 28.
LaTeX Font Info:    Redeclaring math symbol \Delta on input line 28.
LaTeX Font Info:    Redeclaring math symbol \Theta on input line 28.
LaTeX Font Info:    Redeclaring math symbol \Lambda on input line 28.
LaTeX Font Info:    Redeclaring math symbol \Xi on input line 28.
LaTeX Font Info:    Redeclaring math symbol \Pi on input line 28.
LaTeX Font Info:    Redeclaring math symbol \Sigma on input line 28.
LaTeX Font Info:    Redeclaring math symbol \Upsilon on input line 28.
LaTeX Font Info:    Redeclaring math symbol \Phi on input line 28.
LaTeX Font Info:    Redeclaring math symbol \Psi on input line 28.
LaTeX Font Info:    Redeclaring math symbol \Omega on input line 28.
LaTeX Font Info:    Redeclaring math symbol \mathdollar on input line 28.
LaTeX Font Info:    Redeclaring symbol font `operators' on input line 28.
LaTeX Font Info:    Encoding `OT1' has changed to `EU2' for symbol font
(Font)              `operators' in the math version `normal' on input line 28.
LaTeX Font Info:    Overwriting symbol font `operators' in version `normal'
(Font)                  OT1/cmr/m/n --> EU2/lmr/m/n on input line 28.
LaTeX Font Info:    Encoding `OT1' has changed to `EU2' for symbol font
(Font)              `operators' in the math version `bold' on input line 28.
LaTeX Font Info:    Overwriting symbol font `operators' in version `bold'
(Font)                  OT1/cmr/bx/n --> EU2/lmr/m/n on input line 28.
LaTeX Font Info:    Overwriting symbol font `operators' in version `normal'
(Font)                  EU2/lmr/m/n --> EU2/lmr/m/n on input line 28.
LaTeX Font Info:    Overwriting math alphabet `\mathrm' in version `normal'
(Font)                  EU2/lmr/m/n --> EU2/lmr/m/n on input line 28.
LaTeX Font Info:    Overwriting math alphabet `\mathit' in version `normal'
(Font)                  OT1/cmr/m/it --> EU2/lmr/m/it on input line 28.
LaTeX Font Info:    Overwriting math alphabet `\mathbf' in version `normal'
(Font)                  OT1/cmr/bx/n --> EU2/lmr/bx/n on input line 28.
LaTeX Font Info:    Overwriting math alphabet `\mathsf' in version `normal'
(Font)                  OT1/cmss/m/n --> EU2/lmss/m/n on input line 28.
LaTeX Font Info:    Overwriting math alphabet `\mathtt' in version `normal'
(Font)                  OT1/cmtt/m/n --> EU2/lmtt/m/n on input line 28.
LaTeX Font Info:    Overwriting symbol font `operators' in version `bold'
(Font)                  EU2/lmr/m/n --> EU2/lmr/bx/n on input line 28.
LaTeX Font Info:    Overwriting math alphabet `\mathrm' in version `bold'
(Font)                  EU2/lmr/m/n --> EU2/lmr/bx/n on input line 28.
LaTeX Font Info:    Overwriting math alphabet `\mathit' in version `bold'
(Font)                  OT1/cmr/bx/it --> EU2/lmr/bx/it on input line 28.
LaTeX Font Info:    Overwriting math alphabet `\mathsf' in version `bold'
(Font)                  OT1/cmss/bx/n --> EU2/lmss/bx/n on input line 28.
LaTeX Font Info:    Overwriting math alphabet `\mathtt' in version `bold'
(Font)                  OT1/cmtt/m/n --> EU2/lmtt/bx/n on input line 28.

*geometry* driver: auto-detecting
*geometry* detected driver: pdftex
*geometry* verbose mode - [ preamble ] result:
* driver: pdftex
* paper: <default>
* layout: <same size as paper>
* layoutoffset:(h,v)=(0.0pt,0.0pt)
* modes: 
* h-part:(L,W,R)=(56.9055pt, 483.69687pt, 56.9055pt)
* v-part:(T,H,B)=(85.35826pt, 674.33032pt, 85.35826pt)
* \paperwidth=597.50787pt
* \paperheight=845.04684pt
* \textwidth=483.69687pt
* \textheight=674.33032pt
* \oddsidemargin=-15.36449pt
* \evensidemargin=-15.36449pt
* \topmargin=-25.36964pt
* \headheight=20.0pt
* \headsep=18.45792pt
* \topskip=10.0pt
* \footskip=28.45792pt
* \marginparwidth=18.49731pt
* \marginparsep=18.49731pt
* \columnsep=18.49731pt
* \skip\footins=16.0pt plus 5.0pt minus 2.0pt
* \hoffset=0.0pt
* \voffset=0.0pt
* \mag=1000
* \@twocolumnfalse
* \@twosidefalse
* \@mparswitchfalse
* \@reversemarginfalse
* (1in=72.27pt=25.4mm, 1cm=28.453pt)

\AtBeginShipoutBox=\box301
Package hyperref Info: Link coloring OFF on input line 28.
(/usr/local/texlive/2014/texmf-dist/tex/latex/hyperref/nameref.sty
Package: nameref 2012/10/27 v2.43 Cross-referencing by name of section

(/usr/local/texlive/2014/texmf-dist/tex/generic/oberdiek/gettitlestring.sty
Package: gettitlestring 2010/12/03 v1.4 Cleanup title references (HO)
)
\c@section@level=\count381
)
LaTeX Info: Redefining \ref on input line 28.
LaTeX Info: Redefining \pageref on input line 28.
LaTeX Info: Redefining \nameref on input line 28.

(./alter.out) (./alter.out)
\@outlinefile=\write3
LaTeX Font Info:    Font shape `JY3/KozMinPr6N-Regular(0)/m/n' will be
(Font)              scaled to size 15.98167pt on input line 31.
luaotfload | load : auto-selecting default features for script: latn
luaotfload | load : no defaults for script "latn", falling back to "dflt"
luaotfload | load : auto-selecting default features for script: dflt
LaTeX Font Info:    Font shape `JY3/KozMinPr6N-Regular(0)/m/n' will be
(Font)              scaled to size 11.09839pt on input line 31.
luaotfload | load : auto-selecting default features for script: latn
luaotfload | load : no defaults for script "latn", falling back to "dflt"
luaotfload | load : auto-selecting default features for script: dflt
luaotfload | load : auto-selecting default features for script: latn
luaotfload | load : no defaults for script "latn", falling back to "dflt"(load l
uc: /Users/yousack/Library/texlive/2014/texmf-var/luatex-cache/generic/fonts/otf
/lmroman12-regular.luc)
luaotfload | load : auto-selecting default features for script: latn
luaotfload | load : no defaults for script "latn", falling back to "dflt"(load l
uc: /Users/yousack/Library/texlive/2014/texmf-var/luatex-cache/generic/fonts/otf
/lmroman8-regular.luc)
luaotfload | load : auto-selecting default features for script: latn
luaotfload | load : no defaults for script "latn", falling back to "dflt"(load l
uc: /Users/yousack/Library/texlive/2014/texmf-var/luatex-cache/generic/fonts/otf
/lmroman6-regular.luc)
luaotfload | load : auto-selecting default features for script: dflt
luaotfload | load : auto-selecting default features for script: dflt
luaotfload | load : auto-selecting default features for script: dflt
luaotfload | load : auto-selecting default features for script: dflt
luaotfload | load : auto-selecting default features for script: dflt
luaotfload | load : auto-selecting default features for script: dflt
luaotfload | load : auto-selecting default features for script: dflt
luaotfload | load : auto-selecting default features for script: dflt
luaotfload | load : auto-selecting default features for script: dflt
LaTeX Font Info:    Font shape `JY3/KozMinPr6N-Regular(0)/m/n' will be
(Font)              scaled to size 7.39893pt on input line 31.
luaotfload | load : auto-selecting default features for script: latn
luaotfload | load : no defaults for script "latn", falling back to "dflt"
LaTeX Font Info:    Font shape `JY3/KozMinPr6N-Regular(0)/m/n' will be
(Font)              scaled to size 5.5492pt on input line 31.
luaotfload | load : auto-selecting default features for script: latn
luaotfload | load : no defaults for script "latn", falling back to "dflt"
LaTeX Font Info:    Try loading font information for U+wasy on input line 31.

(/usr/local/texlive/2014/texmf-dist/tex/latex/wasysym/uwasy.fd
File: uwasy.fd 2003/10/30 v2.0 Wasy-2 symbol font definitions
)
luaotfload | load : auto-selecting default features for script: dflt
luaotfload | load : auto-selecting default features for script: dflt
luaotfload | load : auto-selecting default features for script: dflt
LaTeX Font Info:    Try loading font information for U+msa on input line 31.

(/usr/local/texlive/2014/texmf-dist/tex/latex/amsfonts/umsa.fd
File: umsa.fd 2013/01/14 v3.01 AMS symbols A
)
luaotfload | load : auto-selecting default features for script: dflt
luaotfload | load : auto-selecting default features for script: dflt
luaotfload | load : auto-selecting default features for script: dflt
LaTeX Font Info:    Try loading font information for U+msb on input line 31.

(/usr/local/texlive/2014/texmf-dist/tex/latex/amsfonts/umsb.fd
File: umsb.fd 2013/01/14 v3.01 AMS symbols B
)
luaotfload | load : auto-selecting default features for script: dflt
luaotfload | load : auto-selecting default features for script: dflt
luaotfload | load : auto-selecting default features for script: dflt
luaotfload | load : auto-selecting default features for script: dflt
luaotfload | load : auto-selecting default features for script: dflt
LaTeX Font Info:    Font shape `JY3/KozMinPr6N-Regular(0)/m/n' will be
(Font)              scaled to size 13.31805pt on input line 32.
luaotfload | load : auto-selecting default features for script: latn
luaotfload | load : no defaults for script "latn", falling back to "dflt"
luaotfload | load : auto-selecting default features for script: dflt
LaTeX Font Info:    Font shape `JY3/KozGoPr6N-Medium(0)/m/n' will be
(Font)              scaled to size 13.31805pt on input line 32.
luaotfload | load : auto-selecting default features for script: latn
luaotfload | load : no defaults for script "latn", falling back to "dflt"
LaTeX Font Info:    Try loading font information for T1+lmss on input line 32.

(/usr/local/texlive/2014/texmf-dist/tex/latex/lm/t1lmss.fd
File: t1lmss.fd 2009/10/30 v1.6 Font defs for Latin Modern
)
luaotfload | load : auto-selecting default features for script: dflt
LaTeX Font Info:    Font shape `JY3/KozGoPr6N-Medium(0)/m/n' will be
(Font)              scaled to size 9.24866pt on input line 35.
luaotfload | load : auto-selecting default features for script: latn
luaotfload | load : no defaults for script "latn", falling back to "dflt"
LaTeX Font Info:    Try loading font information for T1+lmtt on input line 35.

(/usr/local/texlive/2014/texmf-dist/tex/latex/lm/t1lmtt.fd
File: t1lmtt.fd 2009/10/30 v1.6 Font defs for Latin Modern
)
luaotfload | load : auto-selecting default features for script: dflt
LaTeX Font Info:    Try loading font information for TS1+lmr on input line 46.

(/usr/local/texlive/2014/texmf-dist/tex/latex/lm/ts1lmr.fd
File: ts1lmr.fd 2009/10/30 v1.6 Font defs for Latin Modern
)
luaotfload | load : auto-selecting default features for script: dflt
LaTeX Font Info:    Font shape `JY3/KozGoPr6N-Medium(0)/m/n' will be
(Font)              scaled to size 11.09839pt on input line 49.
luaotfload | load : auto-selecting default features for script: latn
luaotfload | load : no defaults for script "latn", falling back to "dflt"
luaotfload | load : auto-selecting default features for script: dflt
Package atveryend Info: Empty hook `BeforeClearDocument' on input line 59.
 [1

{/Users/yousack/Library/texlive/2014/texmf-var/fonts/map/pdftex/updmap/pdftex.ma
p}]
Package atveryend Info: Empty hook `AfterLastShipout' on input line 59.
 (./alter.aux)
Package atveryend Info: Executing hook `AtVeryEndDocument' on input line 59.
Package atveryend Info: Executing hook `AtEndAfterFileList' on input line 59.
Package rerunfilecheck Info: File `alter.out' has not changed.
(rerunfilecheck)             Checksum: D41D8CD98F00B204E9800998ECF8427E;0.
Package atveryend Info: Empty hook `AtVeryVeryEnd' on input line 59.
)

Here is how much of LuaTeX's memory you used:
 21557 strings out of 494695
 100000,552014 words of node,token memory allocated
 3887 words of node memory still in use:
   11 hlist, 2 vlist, 4 rule, 3 glue, 23 kern, 2 glyph, 451 attribute, 646 glue_
spec, 28 attribute_list, 1 write nodes
   avail lists: 2:16763,3:114,4:654,5:19,6:604,7:52,8:6,9:391,10:20
 24527 multiletter control sequences out of 65536+600000
 71 fonts using 63991031 bytes
 61i,6n,65p,539b,327s stack positions out of 5000i,500n,10000p,200000b,100000s
{/usr/local/texlive/2014/texmf-dist/fonts/enc/dvips/lm/lm-ts1.enc}{/usr/local/te
xlive/2014/texmf-dist/fonts/enc/dvips/lm/lm-ec.enc}</usr/local/texlive/texmf-loc
al/fonts/opentype/public/kozuka/KozGoPr6N-Medium.otf></usr/local/texlive/texmf-l
ocal/fonts/opentype/public/kozuka/KozMinPr6N-Regular.otf><</usr/local/texlive/20
14/texmf-dist/fonts/type1/public/lm/lmr10.pfb><</usr/local/texlive/2014/texmf-di
st/fonts/type1/public/lm/lmr12.pfb><</usr/local/texlive/2014/texmf-dist/fonts/ty
pe1/public/lm/lmr17.pfb><</usr/local/texlive/2014/texmf-dist/fonts/type1/public/
lm/lmss12.pfb><</usr/local/texlive/2014/texmf-dist/fonts/type1/public/lm/lmtt10.
pfb>
Output written on alter.pdf (1 page, 140497 bytes).

PDF statistics: 55 PDF objects out of 1000 (max. 8388607)
 40 compressed objects within 1 object stream
 6 named destinations out of 1000 (max. 131072)
 1 words of extra memory for PDF output out of 10000 (max. 10000000)

